<?xml version="1.0" encoding="UTF-8"?>
<testng-results ignored="0" total="0" passed="0" failed="0" skipped="0">
  <reporter-output>
  </reporter-output>
  <suite started-at="2023-08-23T19:24:11 NOVT" name="test.MergeSortTest" finished-at="2023-08-23T19:24:12 NOVT" duration-ms="9">
    <groups>
    </groups>
    <test started-at="2023-08-23T19:24:11 NOVT" name="Command line test" finished-at="2023-08-23T19:24:12 NOVT" duration-ms="9">
    </test> <!-- Command line test -->
  </suite> <!-- test.MergeSortTest -->
</testng-results>
